<?xml version="1.0" encoding="UTF-8"?>
<!-- Generated by org.testng.reporters.JUnitXMLReporter -->
<testsuite hostname="DESKTOP-JNH96DL" ignored="0" name="Test" tests="3" failures="0" timestamp="11 Jun 2019 15:48:39 GMT" time="33.008" errors="0">
  <testcase name="testcase" time="19.498" classname="testingworld.TC_003"/>
  <testcase name="testcase" time="6.654" classname="testingworld.TC_002"/>
  <testcase name="testcase" time="6.797" classname="testingworld.TC_001Jenkins"/>
</testsuite> <!-- Test -->
