<?xml version="1.0" encoding="UTF-8"?>
<!-- Generated by org.testng.reporters.JUnitXMLReporter -->
<testsuite hostname="DESKTOP-JNH96DL" ignored="0" name="Test" tests="3" failures="0" timestamp="11 Jun 2019 15:59:02 GMT" time="59.183" errors="0">
  <testcase name="testcase" time="7.487" classname="testingworld.TC_003"/>
  <testcase name="testcase" time="45.002" classname="testingworld.TC_002"/>
  <testcase name="testcase" time="6.658" classname="testingworld.TC_001Jenkins"/>
</testsuite> <!-- Test -->
