<?xml version="1.0" encoding="UTF-8"?>
<testng-results skipped="0" failed="0" ignored="0" total="3" passed="3">
  <reporter-output>
  </reporter-output>
  <suite name="Suite" duration-ms="33008" started-at="2019-06-11T15:48:06Z" finished-at="2019-06-11T15:48:39Z">
    <groups>
    </groups>
    <test name="Test" duration-ms="33008" started-at="2019-06-11T15:48:06Z" finished-at="2019-06-11T15:48:39Z">
      <class name="testingworld.TC_001Jenkins">
        <test-method status="PASS" signature="testcase()[pri:0, instance:testingworld.TC_001Jenkins@4b9e13df]" name="testcase" duration-ms="6797" started-at="2019-06-11T15:48:32Z" finished-at="2019-06-11T15:48:39Z">
          <reporter-output>
          </reporter-output>
        </test-method> <!-- testcase -->
      </class> <!-- testingworld.TC_001Jenkins -->
      <class name="testingworld.TC_002">
        <test-method status="PASS" signature="testcase()[pri:0, instance:testingworld.TC_002@cb5822]" name="testcase" duration-ms="6654" started-at="2019-06-11T15:48:26Z" finished-at="2019-06-11T15:48:32Z">
          <reporter-output>
          </reporter-output>
        </test-method> <!-- testcase -->
      </class> <!-- testingworld.TC_002 -->
      <class name="testingworld.TC_003">
        <test-method status="PASS" signature="testcase()[pri:0, instance:testingworld.TC_003@55f3ddb1]" name="testcase" duration-ms="19498" started-at="2019-06-11T15:48:06Z" finished-at="2019-06-11T15:48:26Z">
          <reporter-output>
          </reporter-output>
        </test-method> <!-- testcase -->
      </class> <!-- testingworld.TC_003 -->
    </test> <!-- Test -->
  </suite> <!-- Suite -->
</testng-results>
